current directory: /Users/davidweinachter/dev/Recipes/recipes-backend/gems/date-3.3.4/ext/date
/Users/davidweinachter/.rbenv/versions/3.2.2/bin/ruby extconf.rb
checking for rb_category_warn()... yes
checking for timezone in time.h with  -Werror... yes
checking for altzone in time.h with  -Werror... no
creating Makefile

current directory: /Users/davidweinachter/dev/Recipes/recipes-backend/gems/date-3.3.4/ext/date
make DESTDIR\= sitearchdir\=./.gem.20240110-17819-g5kncn sitelibdir\=./.gem.20240110-17819-g5kncn clean

current directory: /Users/davidweinachter/dev/Recipes/recipes-backend/gems/date-3.3.4/ext/date
make DESTDIR\= sitearchdir\=./.gem.20240110-17819-g5kncn sitelibdir\=./.gem.20240110-17819-g5kncn
compiling date_core.c
compiling date_parse.c
compiling date_strftime.c
compiling date_strptime.c
linking shared-object date_core.bundle
ld: warning: ignoring duplicate libraries: '-lruby.3.2'

current directory: /Users/davidweinachter/dev/Recipes/recipes-backend/gems/date-3.3.4/ext/date
make DESTDIR\= sitearchdir\=./.gem.20240110-17819-g5kncn sitelibdir\=./.gem.20240110-17819-g5kncn install
/opt/homebrew/bin/ginstall -c -m 0755 date_core.bundle ./.gem.20240110-17819-g5kncn

current directory: /Users/davidweinachter/dev/Recipes/recipes-backend/gems/date-3.3.4/ext/date
make DESTDIR\= sitearchdir\=./.gem.20240110-17819-g5kncn sitelibdir\=./.gem.20240110-17819-g5kncn clean
